Added Component: Designator=C13(0603_Footprint)
Added Component: Designator=C22(0603_Footprint)
Added Component: Designator=C24(0603_Footprint)
Added Component: Designator=C27(0603_Footprint)
Added Component: Designator=C29(0603_Footprint)
Added Component: Designator=C33(0603_Footprint)
Added Component: Designator=C34(0603_Footprint)
Added Component: Designator=C36(0603_Footprint)
Added Pin To Net: NetName=+AVDD-VREF Pin=C13-1
Added Pin To Net: NetName=GND Pin=C13-2
Added Pin To Net: NetName=+AVDD-VREF Pin=C22-1
Added Pin To Net: NetName=GND Pin=C22-2
Added Pin To Net: NetName=+3v3 Pin=C24-1
Added Pin To Net: NetName=GND Pin=C24-2
Added Pin To Net: NetName=+3v3 Pin=C27-1
Added Pin To Net: NetName=GND Pin=C27-2
Added Pin To Net: NetName=NetC29_1 Pin=C29-1
Added Pin To Net: NetName=GND Pin=C29-2
Added Pin To Net: NetName=+3v3 Pin=C33-1
Added Pin To Net: NetName=GND Pin=C33-2
Added Pin To Net: NetName=+3v3 Pin=C34-1
Added Pin To Net: NetName=GND Pin=C34-2
Added Pin To Net: NetName=+3v3 Pin=C36-1
Added Pin To Net: NetName=GND Pin=C36-2
Added Member To Class: ClassName=MCU - STM32F407VGT6 Member=Component C13 0.1µF
Added Member To Class: ClassName=MCU - STM32F407VGT6 Member=Component C22 0.1µF
Added Member To Class: ClassName=MCU - STM32F407VGT6 Member=Component C24 0.1µF
Added Member To Class: ClassName=MCU - STM32F407VGT6 Member=Component C27 0.1µF
Added Member To Class: ClassName=MCU - STM32F407VGT6 Member=Component C29 0.1µF
Added Member To Class: ClassName=MCU - STM32F407VGT6 Member=Component C33 0.1µF
Added Member To Class: ClassName=MCU - STM32F407VGT6 Member=Component C34 0.1µF
Added Member To Class: ClassName=MCU - STM32F407VGT6 Member=Component C36 0.1µF
