Removed Pin From Net: NetName=+24V Pin=R1-1
Removed Pin From Net: NetName=GND Pin=R2-2
Removed Member From Class: ClassName=Power - Regulators Member=R5
Removed Member From Class: ClassName=Power - Regulators Member=R6
Change Component Designator: OldDesignator=C1 NewDesignator=C3
Change Component Designator: OldDesignator=C2 NewDesignator=C4
Change Component Designator: OldDesignator=C3 NewDesignator=C1
Change Component Designator: OldDesignator=C4 NewDesignator=C5
Change Component Designator: OldDesignator=C5 NewDesignator=C2
Change Component Designator: OldDesignator=R3 NewDesignator=R1
Change Component Designator: OldDesignator=R4 NewDesignator=R2
Change Component Designator: OldDesignator=R5 NewDesignator=R3
Change Component Designator: OldDesignator=R6 NewDesignator=R4
Change Component Designator: OldDesignator=R7 NewDesignator=R5
Change Component Designator: OldDesignator=R8 NewDesignator=R6
Change Component Designator: OldDesignator=R9 NewDesignator=R7
Change Component Designator: OldDesignator=R10 NewDesignator=R8
Change Component Designator: OldDesignator=R11 NewDesignator=R9
Change Component Designator: OldDesignator=R12 NewDesignator=R10
Change Component Designator: OldDesignator=R13 NewDesignator=R11
Change Component Designator: OldDesignator=R14 NewDesignator=R12
Change Component Designator: OldDesignator=R15 NewDesignator=R13
Change Component Designator: OldDesignator=R16 NewDesignator=R14
Change Component Designator: OldDesignator=R17 NewDesignator=R15
Change Component Designator: OldDesignator=R18 NewDesignator=R16
Change Component Designator: OldDesignator=R19 NewDesignator=R17
Change Component Designator: OldDesignator=R20 NewDesignator=R18
Change Component Designator: OldDesignator=R21 NewDesignator=R19
Change Component Designator: OldDesignator=R22 NewDesignator=R20
Change Component Designator: OldDesignator=R23 NewDesignator=R21
Change Component Designator: OldDesignator=R24 NewDesignator=R22
Change Component Designator: OldDesignator=R25 NewDesignator=R23
Change Component Designator: OldDesignator=R26 NewDesignator=R24
Change Component Designator: OldDesignator=R27 NewDesignator=R25
Change Component Designator: OldDesignator=R28 NewDesignator=R26
Change Component Designator: OldDesignator=R29 NewDesignator=R27
Change Component Designator: OldDesignator=R30 NewDesignator=R28
Change Component Designator: OldDesignator=R31 NewDesignator=R29
Change Component Designator: OldDesignator=R32 NewDesignator=R30
Change Component Designator: OldDesignator=R33 NewDesignator=R31
Change Component Designator: OldDesignator=R34 NewDesignator=R32
Change Component Designator: OldDesignator=R35 NewDesignator=R33
Change Component Designator: OldDesignator=R36 NewDesignator=R34
Change Component Designator: OldDesignator=R37 NewDesignator=R35
Change Component Designator: OldDesignator=R38 NewDesignator=R36
Change Component Designator: OldDesignator=R39 NewDesignator=R37
Change Component Designator: OldDesignator=R40 NewDesignator=R38
Change Component Designator: OldDesignator=R41 NewDesignator=R39
Change Component Designator: OldDesignator=R42 NewDesignator=R40
Change Component Designator: OldDesignator=R43 NewDesignator=R41
Change Component Designator: OldDesignator=R44 NewDesignator=R42
Change Component Designator: OldDesignator=R45 NewDesignator=R43
Change Component Designator: OldDesignator=R46 NewDesignator=R44
Change Component Designator: OldDesignator=R47 NewDesignator=R45
Change Component Designator: OldDesignator=R48 NewDesignator=R46
Change Component Designator: OldDesignator=R49 NewDesignator=R47
Change Component Designator: OldDesignator=R50 NewDesignator=R48
Change Component Designator: OldDesignator=R51 NewDesignator=R49
Change Component Designator: OldDesignator=R52 NewDesignator=R50
Change Component Designator: OldDesignator=R53 NewDesignator=R51
Added Pin To Net: NetName=+24V Pin=U1-4
Change Net Name : Old Net Name=NetC3_1 New Net Name=NetC1_1
Change Net Name : Old Net Name=NetR10_2 New Net Name=NetR8_2
Change Net Name : Old Net Name=NetR11_2 New Net Name=NetR9_2
Change Net Name : Old Net Name=NetR16_1 New Net Name=NetR14_1
Change Net Name : Old Net Name=NetR16_2 New Net Name=NetR14_2
Change Net Name : Old Net Name=NetR17_1 New Net Name=NetR15_1
Change Net Name : Old Net Name=NetR17_2 New Net Name=NetR15_2
Change Net Name : Old Net Name=NetR18_1 New Net Name=NetR16_1
Change Net Name : Old Net Name=NetR18_2 New Net Name=NetR16_2
Change Net Name : Old Net Name=NetR20_1 New Net Name=NetR18_1
Change Net Name : Old Net Name=NetR20_2 New Net Name=NetR18_2
Change Net Name : Old Net Name=NetR22_1 New Net Name=NetR20_1
Change Net Name : Old Net Name=NetR22_2 New Net Name=NetR20_2
Change Net Name : Old Net Name=NetR23_2 New Net Name=NetR21_2
Change Net Name : Old Net Name=NetR24_1 New Net Name=NetR22_1
Change Net Name : Old Net Name=NetR26_2 New Net Name=NetR24_2
Change Net Name : Old Net Name=NetR29_2 New Net Name=NetR27_2
Change Net Name : Old Net Name=NetR30_1 New Net Name=NetR28_1
Change Net Name : Old Net Name=NetR33_1 New Net Name=NetR31_1
Change Net Name : Old Net Name=NetR36_2 New Net Name=NetR34_2
Change Net Name : Old Net Name=NetR37_1 New Net Name=NetR35_1
Change Net Name : Old Net Name=NetR38_1 New Net Name=NetR36_1
Change Net Name : Old Net Name=NetR40_2 New Net Name=NetR38_2
Change Net Name : Old Net Name=NetR41_2 New Net Name=NetR39_2
Change Net Name : Old Net Name=NetR42_1 New Net Name=NetR40_1
Change Net Name : Old Net Name=NetR43_1 New Net Name=NetR41_1
Change Net Name : Old Net Name=NetR44_1 New Net Name=NetR42_1
Change Net Name : Old Net Name=NetR45_1 New Net Name=NetR43_1
Change Net Name : Old Net Name=NetR46_1 New Net Name=NetR44_1
Change Net Name : Old Net Name=NetR47_1 New Net Name=NetR45_1
Change Net Name : Old Net Name=NetR48_2 New Net Name=NetR46_2
Change Net Name : Old Net Name=NetR49_1 New Net Name=NetR47_1
Change Net Name : Old Net Name=NetR50_1 New Net Name=NetR48_1
Change Net Name : Old Net Name=NetR51_2 New Net Name=NetR49_2
Change Net Name : Old Net Name=NetR52_2 New Net Name=NetR50_2
Added Pin To Net: NetName=NetU4_44 Pin=U4-44
Added Pin To Net: NetName=NetU4_44 Pin=U10-12
Added Net: Name=NetU4_44
Added Pin To Net: NetName=NetU4_45 Pin=U4-45
Added Pin To Net: NetName=NetU4_45 Pin=U10-5
Added Net: Name=NetU4_45
Added Pin To Net: NetName=NetU4_46 Pin=U4-46
Added Pin To Net: NetName=NetU4_46 Pin=U10-9
Added Net: Name=NetU4_46
