Added Component: Designator=U?(QFP50P1600X1600X160-100N)
Add component (AddParameter): Name = "Availability"; Value = "Unavailable"; VariantName = "[No Variations]"
Add component (AddParameter): Name = "MF"; Value = ""; VariantName = "[No Variations]"
Add component (AddParameter): Name = "MP"; Value = "STM32F407VGT6"; VariantName = "[No Variations]"
Add component (AddParameter): Name = "Package"; Value = "None"; VariantName = "[No Variations]"
Add component (AddParameter): Name = "Price"; Value = "None"; VariantName = "[No Variations]"
Add component (AddParameter): Name = "Value"; Value = ""; VariantName = "[No Variations]"
Added Member To Class: ClassName=MCU - STM32F407VGT6 Member=Component C? 0.1µF
Added Member To Class: ClassName=MCU - STM32F407VGT6 Member=Component C? 0.1µF
Added Member To Class: ClassName=MCU - STM32F407VGT6 Member=Component C? 0.1µF
Added Member To Class: ClassName=MCU - STM32F407VGT6 Member=Component C? 0.1µF
Added Member To Class: ClassName=MCU - STM32F407VGT6 Member=Component C? 0.1µF
Added Member To Class: ClassName=MCU - STM32F407VGT6 Member=Component C? 2.2µF
Added Member To Class: ClassName=MCU - STM32F407VGT6 Member=Component C? 2.2µF
Added Member To Class: ClassName=MCU - STM32F407VGT6 Member=Component C? 1µF
Added Member To Class: ClassName=MCU - STM32F407VGT6 Member=Component C? 0.1µF
Added Member To Class: ClassName=MCU - STM32F407VGT6 Member=Component C? 0.1µF
Added Member To Class: ClassName=MCU - STM32F407VGT6 Member=Component C? 0.1µF
Added Member To Class: ClassName=MCU - STM32F407VGT6 Member=Component C? 1µF
Added Member To Class: ClassName=MCU - STM32F407VGT6 Member=Component C? 0.1µF
Added Member To Class: ClassName=MCU - STM32F407VGT6 Member=Component C? 0.1µF
Added Member To Class: ClassName=MCU - STM32F407VGT6 Member=Component C? 0.1µF
Added Member To Class: ClassName=MCU - STM32F407VGT6 Member=Component C? 0.1µF
Added Member To Class: ClassName=MCU - STM32F407VGT6 Member=Component C? 0.1µF
Added Member To Class: ClassName=MCU - STM32F407VGT6 Member=Component C? 0.1µF
Added Member To Class: ClassName=MCU - STM32F407VGT6 Member=Component C? 0.1µF
Added Member To Class: ClassName=MCU - STM32F407VGT6 Member=Component C? 0.1µF
Added Member To Class: ClassName=MCU - STM32F407VGT6 Member=Component C? 1µF
Added Member To Class: ClassName=MCU - STM32F407VGT6 Member=Component C? 4.7µF
Added Member To Class: ClassName=MCU - STM32F407VGT6 Member=Component C? 0.1µF
Added Member To Class: ClassName=Power - Regulators Member=Component C? 0.1µF
Added Member To Class: ClassName=Power - Regulators Member=Component C? 10µF 50V
Added Member To Class: ClassName=Power - Regulators Member=Component C? 1µF
Added Member To Class: ClassName=Power - Regulators Member=Component C? 0.1µF
Added Member To Class: ClassName=Power - Regulators Member=Component C? 0.1µF
Added Member To Class: ClassName=Power - Regulators Member=Component C? 4.7 µF 50V
Added Member To Class: ClassName=MCU - STM32F407VGT6 Member=Component R? 4.7 kOhms
Added Member To Class: ClassName=MCU - STM32F407VGT6 Member=Component R? 4.7 kOhms
Added Member To Class: ClassName=Power - Regulators Member=Component R? 9.53 kOhms
Added Member To Class: ClassName=Power - Regulators Member=Component R? 0 Ohms
Added Member To Class: ClassName=Power - Regulators Member=Component R? 0 Ohms
Added Member To Class: ClassName=Power - Regulators Member=Component R? 49.9 kOhms
Added Member To Class: ClassName=MCU - STM32F407VGT6 Member=Component U? STM32F407VGT6
Added Member To Class: ClassName=MCU - STM32F407VGT6 Member=Component U? STM32F407VGT6
Added Member To Class: ClassName=Power - Regulators Member=Component U? AMS1117-3.3
Added Member To Class: ClassName=Power - Regulators Member=Component U? AOZ1282CI
