Added Component: Designator=C?(0603_Footprint)
Added Component: Designator=C?(0603_Footprint)
Added Component: Designator=C?(0603_Footprint)
Added Component: Designator=C?(0603_Footprint)
Added Component: Designator=C?(0603_Footprint)
Added Component: Designator=C?(0603_Footprint)
Added Component: Designator=C?(0603_Footprint)
Added Component: Designator=C?(0603_Footprint)
Added Component: Designator=C?(0603_Footprint)
Added Component: Designator=C?(0603_Footprint)
Added Component: Designator=C?(1206_10uF)
Added Component: Designator=C?(0603_Footprint)
Added Component: Designator=C?(0805)
Added Component: Designator=C?(0805)
Added Component: Designator=C?(1206_10uF)
Added Component: Designator=C?(0603_Footprint)
Added Component: Designator=C?(0603_Footprint)
Added Component: Designator=C?(0603_Footprint)
Added Component: Designator=C?(0603_Footprint)
Added Component: Designator=C?(0603_Footprint)
Added Component: Designator=C?(0603_Footprint)
Added Component: Designator=C?(0603_Footprint)
Added Component: Designator=C?(0603_Footprint)
Added Component: Designator=C?(0603_Footprint)
Added Component: Designator=C?(0603_Footprint)
Added Component: Designator=C?(0603_Footprint)
Added Component: Designator=C?(0603_Footprint)
Added Component: Designator=C?(0603_Footprint)
Added Component: Designator=C?(0603_Footprint)
Added Component: Designator=C?(0603_Footprint)
Added Component: Designator=C?(0603_Footprint)
Added Component: Designator=D?(DIOM5436X244N)
Add component (AddParameter): Name = "Arrow Part Number"; Value = "SS26-E3/52T"; VariantName = "[No Variations]"
Add component (AddParameter): Name = "Arrow Price/Stock"; Value = "https://www.arrow.com/en/products/ss26-e352t/vishay?region=europe"; VariantName = "[No Variations]"
Add component (AddParameter): Name = "Datasheet Link"; Value = "https://componentsearchengine.com/Datasheets/2/SS26-E3_52T.pdf"; VariantName = "[No Variations]"
Add component (AddParameter): Name = "Height"; Value = "2.44mm"; VariantName = "[No Variations]"
Add component (AddParameter): Name = "Manufacturer_Name"; Value = "Vishay"; VariantName = "[No Variations]"
Add component (AddParameter): Name = "Manufacturer_Part_Number"; Value = "SS26-E3/52T"; VariantName = "[No Variations]"
Add component (AddParameter): Name = "Mouser Part Number"; Value = "625-SS26-E3"; VariantName = "[No Variations]"
Add component (AddParameter): Name = "Mouser Price/Stock"; Value = "https://www.mouser.co.uk/ProductDetail/Vishay-General-Semiconductor/SS26-E3-52T?qs=x2jpVgRnAtNToatHaCRUvw%3D%3D"; VariantName = "[No Variations]"
Added Component: Designator=FB?(Inductor-0603)
Added Component: Designator=L?(INDPM6965X300N)
Add component (AddParameter): Name = "Arrow Part Number"; Value = "IHLP2525CZER220M8A"; VariantName = "[No Variations]"
Add component (AddParameter): Name = "Arrow Price/Stock"; Value = "https://www.arrow.com/en/products/ihlp2525czer220m8a/vishay"; VariantName = "[No Variations]"
Add component (AddParameter): Name = "Datasheet Link"; Value = "https://componentsearchengine.com/Datasheets/2/IHLP2525CZER220M8A.pdf"; VariantName = "[No Variations]"
Add component (AddParameter): Name = "Height"; Value = "3mm"; VariantName = "[No Variations]"
Add component (AddParameter): Name = "Manufacturer_Name"; Value = "Vishay"; VariantName = "[No Variations]"
Add component (AddParameter): Name = "Manufacturer_Part_Number"; Value = "IHLP2525CZER220M8A"; VariantName = "[No Variations]"
Add component (AddParameter): Name = "Mouser Part Number"; Value = "70-IHLP2525CZR220M8A"; VariantName = "[No Variations]"
Add component (AddParameter): Name = "Mouser Price/Stock"; Value = "https://www.mouser.co.uk/ProductDetail/Vishay-Dale/IHLP2525CZER220M8A?qs=ei%2FvZTf36ZyKyW60gc1ORQ%3D%3D"; VariantName = "[No Variations]"
Added Component: Designator=LED?(LEDC1608X80N)
Add component (AddParameter): Name = "Arrow Part Number"; Value = "LTST-C190KRKT"; VariantName = "[No Variations]"
Add component (AddParameter): Name = "Arrow Price/Stock"; Value = "https://www.arrow.com/en/products/ltst-c190krkt/lite-on-technology?region=europe"; VariantName = "[No Variations]"
Add component (AddParameter): Name = "Datasheet Link"; Value = "https://componentsearchengine.com/Datasheets/1/LTST-C190KRKT.pdf"; VariantName = "[No Variations]"
Add component (AddParameter): Name = "Height"; Value = "0.8mm"; VariantName = "[No Variations]"
Add component (AddParameter): Name = "Manufacturer_Name"; Value = "Lite-On"; VariantName = "[No Variations]"
Add component (AddParameter): Name = "Manufacturer_Part_Number"; Value = "LTST-C190KRKT"; VariantName = "[No Variations]"
Add component (AddParameter): Name = "Mouser Part Number"; Value = "859-LTST-C190KRKT"; VariantName = "[No Variations]"
Add component (AddParameter): Name = "Mouser Price/Stock"; Value = "https://www.mouser.co.uk/ProductDetail/Lite-On/LTST-C190KRKT?qs=kAD5fFa1n5VY3YYNWPC1Fg%3D%3D"; VariantName = "[No Variations]"
Added Component: Designator=R?(0603_RES)
Added Component: Designator=R?(0603_RES)
Added Component: Designator=R?(0603_RES)
Added Component: Designator=R?(0603_RES)
Added Component: Designator=R?(0603_RES)
Added Component: Designator=R?(0603_RES)
Added Component: Designator=R?(0603_RES)
Added Component: Designator=R?(0603_RES)
Added Component: Designator=U?(SOT95P280X125-6N)
Add component (AddParameter): Name = "Arrow Part Number"; Value = "AOZ1282CI"; VariantName = "[No Variations]"
Add component (AddParameter): Name = "Arrow Price/Stock"; Value = "https://www.arrow.com/en/products/aoz1282ci/alpha-and-omega-semiconductor?region=nac"; VariantName = "[No Variations]"
Add component (AddParameter): Name = "Datasheet Link"; Value = "http://www.aosmd.com/res/data_sheets/AOZ1282CI.pdf"; VariantName = "[No Variations]"
Add component (AddParameter): Name = "Height"; Value = "1.25mm"; VariantName = "[No Variations]"
Add component (AddParameter): Name = "Manufacturer_Name"; Value = "Alpha & Omega Semiconductors"; VariantName = "[No Variations]"
Add component (AddParameter): Name = "Manufacturer_Part_Number"; Value = "AOZ1282CI"; VariantName = "[No Variations]"
Add component (AddParameter): Name = "Mouser Part Number"; Value = ""; VariantName = "[No Variations]"
Add component (AddParameter): Name = "Mouser Price/Stock"; Value = ""; VariantName = "[No Variations]"
Added Component: Designator=U?(SOT229P700X180-4N)
Add component (AddParameter): Name = "Arrow Part Number"; Value = ""; VariantName = "[No Variations]"
Add component (AddParameter): Name = "Arrow Price/Stock"; Value = ""; VariantName = "[No Variations]"
Add component (AddParameter): Name = "Datasheet Link"; Value = "https://datasheet.datasheetarchive.com/originals/distributors/Datasheets-28/DSA-550594.pdf"; VariantName = "[No Variations]"
Add component (AddParameter): Name = "Height"; Value = "1.8mm"; VariantName = "[No Variations]"
Add component (AddParameter): Name = "Manufacturer_Name"; Value = "Advanced"; VariantName = "[No Variations]"
Add component (AddParameter): Name = "Manufacturer_Part_Number"; Value = "AMS1117-3.3"; VariantName = "[No Variations]"
Add component (AddParameter): Name = "Mouser Part Number"; Value = ""; VariantName = "[No Variations]"
Add component (AddParameter): Name = "Mouser Price/Stock"; Value = ""; VariantName = "[No Variations]"
Added Component: Designator=U?(QFP50P1600X1600X160-100N)
Add component (AddParameter): Name = "Availability"; Value = "Unavailable"; VariantName = "[No Variations]"
Add component (AddParameter): Name = "MF"; Value = ""; VariantName = "[No Variations]"
Add component (AddParameter): Name = "MP"; Value = "STM32F407VGT6"; VariantName = "[No Variations]"
Add component (AddParameter): Name = "Package"; Value = "None"; VariantName = "[No Variations]"
Add component (AddParameter): Name = "Price"; Value = "None"; VariantName = "[No Variations]"
Add component (AddParameter): Name = "Value"; Value = ""; VariantName = "[No Variations]"
Added Component: Designator=U?(QFP50P1600X1600X160-100N)
Add component (AddParameter): Name = "Availability"; Value = "Unavailable"; VariantName = "[No Variations]"
Add component (AddParameter): Name = "MF"; Value = ""; VariantName = "[No Variations]"
Add component (AddParameter): Name = "MP"; Value = "STM32F407VGT6"; VariantName = "[No Variations]"
Add component (AddParameter): Name = "Package"; Value = "None"; VariantName = "[No Variations]"
Add component (AddParameter): Name = "Price"; Value = "None"; VariantName = "[No Variations]"
Add component (AddParameter): Name = "Value"; Value = ""; VariantName = "[No Variations]"
Added Component: Designator=U?(QFP50P1600X1600X160-100N)
Add component (AddParameter): Name = "Availability"; Value = "Unavailable"; VariantName = "[No Variations]"
Add component (AddParameter): Name = "MF"; Value = ""; VariantName = "[No Variations]"
Add component (AddParameter): Name = "MP"; Value = "STM32F407VGT6"; VariantName = "[No Variations]"
Add component (AddParameter): Name = "Package"; Value = "None"; VariantName = "[No Variations]"
Add component (AddParameter): Name = "Price"; Value = "None"; VariantName = "[No Variations]"
Add component (AddParameter): Name = "Value"; Value = ""; VariantName = "[No Variations]"
Added Pin To Net: NetName=+3v3 Pin=C?-1
Added Pin To Net: NetName=+3v3 Pin=C?-1
Added Pin To Net: NetName=+3v3 Pin=C?-1
Added Pin To Net: NetName=+3v3 Pin=C?-1
Added Pin To Net: NetName=+3v3 Pin=C?-1
Added Pin To Net: NetName=+3v3 Pin=C?-1
Added Pin To Net: NetName=+3v3 Pin=C?-1
Added Pin To Net: NetName=+3v3 Pin=C?-1
Added Pin To Net: NetName=+3v3 Pin=C?-1
Added Pin To Net: NetName=+3v3 Pin=C?-1
Added Pin To Net: NetName=+3v3 Pin=C?-1
Added Pin To Net: NetName=+3v3 Pin=C?-1
Added Pin To Net: NetName=+3v3 Pin=C?-1
Added Pin To Net: NetName=+3v3 Pin=C?-1
Added Pin To Net: NetName=+3v3 Pin=C?-1
Added Pin To Net: NetName=+3v3 Pin=C?-1
Added Pin To Net: NetName=+3v3 Pin=C?-1
Added Pin To Net: NetName=+3v3 Pin=C?-1
Added Pin To Net: NetName=+3v3 Pin=C?-1
Added Pin To Net: NetName=+3v3 Pin=C?-2
Added Pin To Net: NetName=+3v3 Pin=FB?-2
Added Pin To Net: NetName=+3v3 Pin=LED?-2
Added Pin To Net: NetName=+3v3 Pin=R?-2
Added Pin To Net: NetName=+3v3 Pin=R?-2
Added Pin To Net: NetName=+3v3 Pin=U?-2
Added Pin To Net: NetName=+3v3 Pin=U?-6
Added Pin To Net: NetName=+3v3 Pin=U?-11
Added Pin To Net: NetName=+3v3 Pin=U?-19
Added Pin To Net: NetName=+3v3 Pin=U?-28
Added Pin To Net: NetName=+3v3 Pin=U?-49
Added Pin To Net: NetName=+3v3 Pin=U?-50
Added Pin To Net: NetName=+3v3 Pin=U?-73
Added Pin To Net: NetName=+3v3 Pin=U?-75
Added Pin To Net: NetName=+3v3 Pin=U?-100
Added Net: Name=+3v3
Added Pin To Net: NetName=+5 Pin=C?-1
Added Pin To Net: NetName=+5 Pin=C?-1
Added Pin To Net: NetName=+5 Pin=C?-1
Added Pin To Net: NetName=+5 Pin=L?-2
Added Pin To Net: NetName=+5 Pin=R?-2
Added Pin To Net: NetName=+5 Pin=U?-3
Added Net: Name=+5
Added Pin To Net: NetName=+24V Pin=C?-1
Added Pin To Net: NetName=+24V Pin=C?-2
Added Pin To Net: NetName=+24V Pin=R?-1
Added Pin To Net: NetName=+24V Pin=U?-2
Added Net: Name=+24V
Added Pin To Net: NetName=+AVDD-VREF Pin=C?-1
Added Pin To Net: NetName=+AVDD-VREF Pin=C?-1
Added Pin To Net: NetName=+AVDD-VREF Pin=C?-1
Added Pin To Net: NetName=+AVDD-VREF Pin=C?-1
Added Pin To Net: NetName=+AVDD-VREF Pin=FB?-1
Added Pin To Net: NetName=+AVDD-VREF Pin=U?-21
Added Pin To Net: NetName=+AVDD-VREF Pin=U?-22
Added Net: Name=+AVDD-VREF
Added Pin To Net: NetName=BOOT0 Pin=R?-1
Added Pin To Net: NetName=BOOT0 Pin=R?-2
Added Pin To Net: NetName=BOOT0 Pin=U?-94
Added Net: Name=BOOT0
Added Pin To Net: NetName=FB Pin=R?-1
Added Pin To Net: NetName=FB Pin=R?-2
Added Pin To Net: NetName=FB Pin=U?-6
Added Net: Name=FB
Added Pin To Net: NetName=GND Pin=C?-1
Added Pin To Net: NetName=GND Pin=C?-1
Added Pin To Net: NetName=GND Pin=C?-2
Added Pin To Net: NetName=GND Pin=C?-2
Added Pin To Net: NetName=GND Pin=C?-2
Added Pin To Net: NetName=GND Pin=C?-2
Added Pin To Net: NetName=GND Pin=C?-2
Added Pin To Net: NetName=GND Pin=C?-2
Added Pin To Net: NetName=GND Pin=C?-2
Added Pin To Net: NetName=GND Pin=C?-2
Added Pin To Net: NetName=GND Pin=C?-2
Added Pin To Net: NetName=GND Pin=C?-2
Added Pin To Net: NetName=GND Pin=C?-2
Added Pin To Net: NetName=GND Pin=C?-2
Added Pin To Net: NetName=GND Pin=C?-2
Added Pin To Net: NetName=GND Pin=C?-2
Added Pin To Net: NetName=GND Pin=C?-2
Added Pin To Net: NetName=GND Pin=C?-2
Added Pin To Net: NetName=GND Pin=C?-2
Added Pin To Net: NetName=GND Pin=C?-2
Added Pin To Net: NetName=GND Pin=C?-2
Added Pin To Net: NetName=GND Pin=C?-2
Added Pin To Net: NetName=GND Pin=C?-2
Added Pin To Net: NetName=GND Pin=C?-2
Added Pin To Net: NetName=GND Pin=C?-2
Added Pin To Net: NetName=GND Pin=C?-2
Added Pin To Net: NetName=GND Pin=C?-2
Added Pin To Net: NetName=GND Pin=C?-2
Added Pin To Net: NetName=GND Pin=C?-2
Added Pin To Net: NetName=GND Pin=C?-2
Added Pin To Net: NetName=GND Pin=D?-2
Added Pin To Net: NetName=GND Pin=R?-1
Added Pin To Net: NetName=GND Pin=R?-1
Added Pin To Net: NetName=GND Pin=R?-1
Added Pin To Net: NetName=GND Pin=R?-2
Added Pin To Net: NetName=GND Pin=U?-1
Added Pin To Net: NetName=GND Pin=U?-5
Added Pin To Net: NetName=GND Pin=U?-10
Added Pin To Net: NetName=GND Pin=U?-20
Added Pin To Net: NetName=GND Pin=U?-27
Added Pin To Net: NetName=GND Pin=U?-74
Added Pin To Net: NetName=GND Pin=U?-99
Added Net: Name=GND
Added Pin To Net: NetName=LX Pin=C?-2
Added Pin To Net: NetName=LX Pin=D?-1
Added Pin To Net: NetName=LX Pin=L?-1
Added Pin To Net: NetName=LX Pin=U?-3
Added Net: Name=LX
Added Pin To Net: NetName=MCU-nRST Pin=C?-1
Added Pin To Net: NetName=MCU-nRST Pin=R?-1
Added Pin To Net: NetName=MCU-nRST Pin=U?-14
Added Net: Name=MCU-nRST
Added Pin To Net: NetName=NetC?_1 Pin=C?-1
Added Pin To Net: NetName=NetC?_1 Pin=U?-4
Added Net: Name=NetC?_1
Added Pin To Net: NetName=NetLED?_1 Pin=LED?-1
Added Pin To Net: NetName=NetLED?_1 Pin=R?-2
Added Net: Name=NetLED?_1
Added Pin To Net: NetName=NetR?_1 Pin=R?-1
Added Pin To Net: NetName=NetR?_1 Pin=R?-2
Added Pin To Net: NetName=NetR?_1 Pin=U?-1
Added Net: Name=NetR?_1
Added Class: Name=MCU - STM32F407VGT6
Added Class: Name=Power - Regulators
