Added Component: Designator=U2(QFP50P1600X1600X160-100N)
Add component (AddParameter): Name = "Availability"; Value = "Unavailable"; VariantName = "[No Variations]"
Add component (AddParameter): Name = "MF"; Value = ""; VariantName = "[No Variations]"
Add component (AddParameter): Name = "MP"; Value = "STM32F407VGT6"; VariantName = "[No Variations]"
Add component (AddParameter): Name = "Package"; Value = "None"; VariantName = "[No Variations]"
Add component (AddParameter): Name = "Price"; Value = "None"; VariantName = "[No Variations]"
Add component (AddParameter): Name = "Value"; Value = ""; VariantName = "[No Variations]"
Added Pin To Net: NetName=+3v3 Pin=U2-6
Added Pin To Net: NetName=GND Pin=U2-10
Added Pin To Net: NetName=+3v3 Pin=U2-11
Added Pin To Net: NetName=MCU-nRST Pin=U2-14
Added Pin To Net: NetName=+3v3 Pin=U2-19
Added Pin To Net: NetName=GND Pin=U2-20
Added Pin To Net: NetName=+AVDD-VREF Pin=U2-21
Added Pin To Net: NetName=+AVDD-VREF Pin=U2-22
Added Pin To Net: NetName=GND Pin=U2-27
Added Pin To Net: NetName=+3v3 Pin=U2-28
Added Pin To Net: NetName=+3v3 Pin=U2-49
Added Pin To Net: NetName=+3v3 Pin=U2-50
Added Pin To Net: NetName=+3v3 Pin=U2-73
Added Pin To Net: NetName=GND Pin=U2-74
Added Pin To Net: NetName=+3v3 Pin=U2-75
Added Pin To Net: NetName=BOOT0 Pin=U2-94
Added Pin To Net: NetName=GND Pin=U2-99
Added Pin To Net: NetName=+3v3 Pin=U2-100
Added Member To Class: ClassName=MCU - STM32F407VGT6 Member=Component C? 0.1µF
Added Member To Class: ClassName=MCU - STM32F407VGT6 Member=Component C? 2.2µF
Added Member To Class: ClassName=MCU - STM32F407VGT6 Member=Component C? 1µF
Added Member To Class: ClassName=MCU - STM32F407VGT6 Member=Component C? 0.1µF
Added Member To Class: ClassName=MCU - STM32F407VGT6 Member=Component C? 0.1µF
Added Member To Class: ClassName=MCU - STM32F407VGT6 Member=Component C? 0.1µF
Added Member To Class: ClassName=MCU - STM32F407VGT6 Member=Component C? 4.7µF
Added Member To Class: ClassName=MCU - STM32F407VGT6 Member=Component C? 0.1µF
Added Member To Class: ClassName=MCU - STM32F407VGT6 Member=Component C? 0.1µF
Added Member To Class: ClassName=MCU - STM32F407VGT6 Member=Component C? 0.1µF
Added Member To Class: ClassName=MCU - STM32F407VGT6 Member=Component C? 0.1µF
Added Member To Class: ClassName=MCU - STM32F407VGT6 Member=Component C? 0.1µF
Added Member To Class: ClassName=MCU - STM32F407VGT6 Member=Component C? 1µF
Added Member To Class: ClassName=MCU - STM32F407VGT6 Member=Component C? 2.2µF
Added Member To Class: ClassName=MCU - STM32F407VGT6 Member=Component C? 0.1µF
Added Member To Class: ClassName=MCU - STM32F407VGT6 Member=Component C? 0.1µF
Added Member To Class: ClassName=MCU - STM32F407VGT6 Member=Component C? 0.1µF
Added Member To Class: ClassName=MCU - STM32F407VGT6 Member=Component C? 0.1µF
Added Member To Class: ClassName=MCU - STM32F407VGT6 Member=Component C? 0.1µF
Added Member To Class: ClassName=MCU - STM32F407VGT6 Member=Component C? 0.1µF
Added Member To Class: ClassName=MCU - STM32F407VGT6 Member=Component C? 0.1µF
Added Member To Class: ClassName=MCU - STM32F407VGT6 Member=Component C? 0.1µF
Added Member To Class: ClassName=MCU - STM32F407VGT6 Member=Component C? 1µF
Added Member To Class: ClassName=Power - Regulators Member=Component C? 4.7 µF 50V
Added Member To Class: ClassName=Power - Regulators Member=Component C? 10µF 50V
Added Member To Class: ClassName=Power - Regulators Member=Component C? 0.1µF
Added Member To Class: ClassName=Power - Regulators Member=Component C? 0.1µF
Added Member To Class: ClassName=Power - Regulators Member=Component C? 0.1µF
Added Member To Class: ClassName=Power - Regulators Member=Component C? 1µF
Added Member To Class: ClassName=MCU - STM32F407VGT6 Member=Component R? 4.7 kOhms
Added Member To Class: ClassName=MCU - STM32F407VGT6 Member=Component R? 4.7 kOhms
Added Member To Class: ClassName=Power - Regulators Member=Component R? 49.9 kOhms
Added Member To Class: ClassName=Power - Regulators Member=Component R? 9.53 kOhms
Added Member To Class: ClassName=Power - Regulators Member=Component R? 0 Ohms
Added Member To Class: ClassName=Power - Regulators Member=Component R? 0 Ohms
Added Member To Class: ClassName=MCU - STM32F407VGT6 Member=Component U2 STM32F407VGT6
Added Member To Class: ClassName=Power - Regulators Member=Component U? AOZ1282CI
Added Member To Class: ClassName=Power - Regulators Member=Component U? AMS1117-3.3
