Added Component: Designator=U?(QFP50P1600X1600X160-100N)
Add component (AddParameter): Name = "Availability"; Value = "Unavailable"; VariantName = "[No Variations]"
Add component (AddParameter): Name = "MF"; Value = ""; VariantName = "[No Variations]"
Add component (AddParameter): Name = "MP"; Value = "STM32F407VGT6"; VariantName = "[No Variations]"
Add component (AddParameter): Name = "Package"; Value = "None"; VariantName = "[No Variations]"
Add component (AddParameter): Name = "Price"; Value = "None"; VariantName = "[No Variations]"
Add component (AddParameter): Name = "Value"; Value = ""; VariantName = "[No Variations]"
Added Component: Designator=U?(QFP50P1600X1600X160-100N)
Add component (AddParameter): Name = "Availability"; Value = "Unavailable"; VariantName = "[No Variations]"
Add component (AddParameter): Name = "MF"; Value = ""; VariantName = "[No Variations]"
Add component (AddParameter): Name = "MP"; Value = "STM32F407VGT6"; VariantName = "[No Variations]"
Add component (AddParameter): Name = "Package"; Value = "None"; VariantName = "[No Variations]"
Add component (AddParameter): Name = "Price"; Value = "None"; VariantName = "[No Variations]"
Add component (AddParameter): Name = "Value"; Value = ""; VariantName = "[No Variations]"
Added Pin To Net: NetName=+3v3 Pin=U?-6
Added Pin To Net: NetName=GND Pin=U?-10
Added Pin To Net: NetName=+3v3 Pin=U?-11
Added Pin To Net: NetName=MCU-nRST Pin=U?-14
Added Pin To Net: NetName=+3v3 Pin=U?-19
Added Pin To Net: NetName=GND Pin=U?-20
Added Pin To Net: NetName=+AVDD-VREF Pin=U?-21
Added Pin To Net: NetName=+AVDD-VREF Pin=U?-22
Added Pin To Net: NetName=GND Pin=U?-27
Added Pin To Net: NetName=+3v3 Pin=U?-28
Added Pin To Net: NetName=+3v3 Pin=U?-49
Added Pin To Net: NetName=+3v3 Pin=U?-50
Added Pin To Net: NetName=+3v3 Pin=U?-73
Added Pin To Net: NetName=GND Pin=U?-74
Added Pin To Net: NetName=+3v3 Pin=U?-75
Added Pin To Net: NetName=BOOT0 Pin=U?-94
Added Pin To Net: NetName=GND Pin=U?-99
Added Pin To Net: NetName=+3v3 Pin=U?-100
Added Member To Class: ClassName=MCU - STM32F407VGT6 Member=Component C? 0.1µF
Added Member To Class: ClassName=MCU - STM32F407VGT6 Member=Component C? 0.1µF
Added Member To Class: ClassName=MCU - STM32F407VGT6 Member=Component C? 0.1µF
Added Member To Class: ClassName=MCU - STM32F407VGT6 Member=Component C? 0.1µF
Added Member To Class: ClassName=MCU - STM32F407VGT6 Member=Component C? 0.1µF
Added Member To Class: ClassName=MCU - STM32F407VGT6 Member=Component C? 2.2µF
Added Member To Class: ClassName=MCU - STM32F407VGT6 Member=Component C? 2.2µF
Added Member To Class: ClassName=MCU - STM32F407VGT6 Member=Component C? 1µF
Added Member To Class: ClassName=MCU - STM32F407VGT6 Member=Component C? 0.1µF
Added Member To Class: ClassName=MCU - STM32F407VGT6 Member=Component C? 0.1µF
Added Member To Class: ClassName=MCU - STM32F407VGT6 Member=Component C? 0.1µF
Added Member To Class: ClassName=MCU - STM32F407VGT6 Member=Component C? 1µF
Added Member To Class: ClassName=MCU - STM32F407VGT6 Member=Component C? 0.1µF
Added Member To Class: ClassName=MCU - STM32F407VGT6 Member=Component C? 0.1µF
Added Member To Class: ClassName=MCU - STM32F407VGT6 Member=Component C? 0.1µF
Added Member To Class: ClassName=MCU - STM32F407VGT6 Member=Component C? 0.1µF
Added Member To Class: ClassName=MCU - STM32F407VGT6 Member=Component C? 0.1µF
Added Member To Class: ClassName=MCU - STM32F407VGT6 Member=Component C? 0.1µF
Added Member To Class: ClassName=MCU - STM32F407VGT6 Member=Component C? 0.1µF
Added Member To Class: ClassName=MCU - STM32F407VGT6 Member=Component C? 0.1µF
Added Member To Class: ClassName=MCU - STM32F407VGT6 Member=Component C? 1µF
Added Member To Class: ClassName=MCU - STM32F407VGT6 Member=Component C? 4.7µF
Added Member To Class: ClassName=MCU - STM32F407VGT6 Member=Component C? 0.1µF
Added Member To Class: ClassName=Power - Regulators Member=Component C? 0.1µF
Added Member To Class: ClassName=Power - Regulators Member=Component C? 10µF 50V
Added Member To Class: ClassName=Power - Regulators Member=Component C? 1µF
Added Member To Class: ClassName=Power - Regulators Member=Component C? 0.1µF
Added Member To Class: ClassName=Power - Regulators Member=Component C? 0.1µF
Added Member To Class: ClassName=Power - Regulators Member=Component C? 4.7 µF 50V
Added Member To Class: ClassName=MCU - STM32F407VGT6 Member=Component R? 4.7 kOhms
Added Member To Class: ClassName=MCU - STM32F407VGT6 Member=Component R? 4.7 kOhms
Added Member To Class: ClassName=Power - Regulators Member=Component R? 9.53 kOhms
Added Member To Class: ClassName=Power - Regulators Member=Component R? 0 Ohms
Added Member To Class: ClassName=Power - Regulators Member=Component R? 0 Ohms
Added Member To Class: ClassName=Power - Regulators Member=Component R? 49.9 kOhms
Added Member To Class: ClassName=MCU - STM32F407VGT6 Member=Component U? STM32F407VGT6
Added Member To Class: ClassName=MCU - STM32F407VGT6 Member=Component U? STM32F407VGT6
Added Member To Class: ClassName=Power - Regulators Member=Component U? AMS1117-3.3
Added Member To Class: ClassName=Power - Regulators Member=Component U? AOZ1282CI
