Removed Pin From Net: NetName=NetR1_2 Pin=U1-1
Removed Pin From Net: NetName=+24V Pin=U1-2
Removed Pin From Net: NetName=LX Pin=U1-3
Removed Pin From Net: NetName=NetC3_1 Pin=U1-4
Removed Pin From Net: NetName=GND Pin=U1-5
Removed Pin From Net: NetName=FB Pin=U1-6
Removed Member From Class: ClassName=Power - Regulators Member=U1
Added Component: Designator=U?(SOT95P280X125-6N)
Add component (AddParameter): Name = "Arrow Part Number"; Value = "AOZ1282CI"; VariantName = "[No Variations]"
Add component (AddParameter): Name = "Arrow Price/Stock"; Value = "https://www.arrow.com/en/products/aoz1282ci/alpha-and-omega-semiconductor?region=nac"; VariantName = "[No Variations]"
Add component (AddParameter): Name = "Datasheet Link"; Value = "http://www.aosmd.com/res/data_sheets/AOZ1282CI.pdf"; VariantName = "[No Variations]"
Add component (AddParameter): Name = "Height"; Value = "1.25mm"; VariantName = "[No Variations]"
Add component (AddParameter): Name = "Manufacturer_Name"; Value = "Alpha & Omega Semiconductors"; VariantName = "[No Variations]"
Add component (AddParameter): Name = "Manufacturer_Part_Number"; Value = "AOZ1282CI"; VariantName = "[No Variations]"
Add component (AddParameter): Name = "Mouser Part Number"; Value = ""; VariantName = "[No Variations]"
Add component (AddParameter): Name = "Mouser Price/Stock"; Value = ""; VariantName = "[No Variations]"
Added Pin To Net: NetName=NetC3_1 Pin=U?-1
Added Pin To Net: NetName=GND Pin=U?-2
Added Pin To Net: NetName=FB Pin=U?-3
Added Pin To Net: NetName=NetR1_2 Pin=U?-4
Added Pin To Net: NetName=+24V Pin=U?-5
Added Pin To Net: NetName=LX Pin=U?-6
Added Member To Class: ClassName=Power - Regulators Member=Component C3 0.1µF
Added Member To Class: ClassName=Power - Regulators Member=Component C5 1µF
Added Member To Class: ClassName=Power - Regulators Member=Component U? AOZ1282CI
