Removed Pin From Net: NetName=+1v8 Pin=J6-9
Removed Pin From Net: NetName=+1v8 Pin=J6-10
Removed Pin From Net: NetName=GND Pin=J6-11
Removed Pin From Net: NetName=NetJ6_13 Pin=U4-83
Added Pin To Net: NetName=GND Pin=J6-9
Added Pin To Net: NetName=GND Pin=J6-10
Added Pin To Net: NetName=GND Pin=J6-14
Added Pin To Net: NetName=GND Pin=J6-16
Added Pin To Net: NetName=GND Pin=J6-18
Added Pin To Net: NetName=GND Pin=J6-20
Added Pin To Net: NetName=GND Pin=J6-22
Added Pin To Net: NetName=GND Pin=J6-24
Added Pin To Net: NetName=GND Pin=J6-26
Added Pin To Net: NetName=GND Pin=J6-28
Added Pin To Net: NetName=GND Pin=J6-30
Added Pin To Net: NetName=GND Pin=J6-32
Added Pin To Net: NetName=GND Pin=J6-34
Added Pin To Net: NetName=GND Pin=J6-36
Added Pin To Net: NetName=GND Pin=J6-38
Added Pin To Net: NetName=GND Pin=J6-40
Added Pin To Net: NetName=GND Pin=J6-42
Added Pin To Net: NetName=GND Pin=J6-44
Added Pin To Net: NetName=NetJ6_13 Pin=U4-82
Added Pin To Net: NetName=NetJ6_11 Pin=J6-11
Added Pin To Net: NetName=NetJ6_11 Pin=U4-83
Added Net: Name=NetJ6_11
Added Pin To Net: NetName=NetJ6_15 Pin=J6-15
Added Pin To Net: NetName=NetJ6_15 Pin=U4-84
Added Net: Name=NetJ6_15
